<?xml version="1.0" encoding="UTF-8"?>
<!-- Generated by org.testng.reporters.JUnitXMLReporter -->
<testsuite ignored="0" hostname="Abdulraheem" failures="0" tests="4" name="Default test" time="4.564" errors="0" timestamp="2024-08-26T19:53:47 EET">
  <testcase classname="databaseProject.DataTest" name="AdddataToThedataBase" time="0.017"/>
  <testcase classname="databaseProject.DataTest" name="updateData" time="0.004"/>
  <testcase classname="databaseProject.DataTest" name="myFirstTestToGetData" time="4.235"/>
  <testcase classname="databaseProject.DataTest" name="DeleteData" time="0.004"/>
</testsuite> <!-- Default test -->
