<?xml version="1.0" encoding="UTF-8"?>
<testng-results ignored="0" total="4" passed="4" failed="0" skipped="0">
  <reporter-output>
  </reporter-output>
  <suite started-at="2024-08-26T19:53:43 EET" name="Default suite" finished-at="2024-08-26T19:53:47 EET" duration-ms="4564">
    <groups>
    </groups>
    <test started-at="2024-08-26T19:53:43 EET" name="Default test" finished-at="2024-08-26T19:53:47 EET" duration-ms="4564">
      <class name="databaseProject.DataTest">
        <test-method is-config="true" signature="mySetup()[pri:0, instance:databaseProject.DataTest@7103cb56]" started-at="2024-08-26T19:53:43 EET" name="mySetup" finished-at="2024-08-26T19:53:43 EET" duration-ms="272" status="PASS">
          <reporter-output>
          </reporter-output>
        </test-method> <!-- mySetup -->
        <test-method signature="AdddataToThedataBase()[pri:1, instance:databaseProject.DataTest@7103cb56]" started-at="2024-08-26T19:53:43 EET" name="AdddataToThedataBase" finished-at="2024-08-26T19:53:43 EET" duration-ms="17" status="PASS">
          <reporter-output>
          </reporter-output>
        </test-method> <!-- AdddataToThedataBase -->
        <test-method signature="updateData()[pri:2, instance:databaseProject.DataTest@7103cb56]" started-at="2024-08-26T19:53:43 EET" name="updateData" finished-at="2024-08-26T19:53:43 EET" duration-ms="4" status="PASS">
          <reporter-output>
          </reporter-output>
        </test-method> <!-- updateData -->
        <test-method signature="myFirstTestToGetData()[pri:3, instance:databaseProject.DataTest@7103cb56]" started-at="2024-08-26T19:53:43 EET" name="myFirstTestToGetData" finished-at="2024-08-26T19:53:47 EET" duration-ms="4235" status="PASS">
          <reporter-output>
          </reporter-output>
        </test-method> <!-- myFirstTestToGetData -->
        <test-method signature="DeleteData()[pri:4, instance:databaseProject.DataTest@7103cb56]" started-at="2024-08-26T19:53:47 EET" name="DeleteData" finished-at="2024-08-26T19:53:47 EET" duration-ms="4" status="PASS">
          <reporter-output>
          </reporter-output>
        </test-method> <!-- DeleteData -->
      </class> <!-- databaseProject.DataTest -->
    </test> <!-- Default test -->
  </suite> <!-- Default suite -->
</testng-results>
